11/22/2019 9:13:00 AM - Microsoft VSIX Installer
11/22/2019 9:13:00 AM - -------------------------------------------
11/22/2019 9:13:00 AM - vsixinstaller.exe version:
11/22/2019 9:13:00 AM - 15.0.26430.14 built by: D15SVC
11/22/2019 9:13:00 AM - -------------------------------------------
11/22/2019 9:13:00 AM - Command line parameters:
11/22/2019 9:13:00 AM - C:\Program Files (x86)\Microsoft Visual Studio\2017\Community\Common7\IDE\VSIXInstaller.exe,C:\Users\me\Downloads\DigitalAssetHoldingsLLC.daml-0.13.37.vsix
11/22/2019 9:13:00 AM - -------------------------------------------
11/22/2019 9:13:00 AM - Microsoft VSIX Installer
11/22/2019 9:13:00 AM - -------------------------------------------
11/22/2019 9:13:00 AM - Initializing Install...
11/22/2019 9:13:00 AM - Extension Details...
11/22/2019 9:13:00 AM - 	Identifier         : daml
11/22/2019 9:13:00 AM - 	Name               : DAML
11/22/2019 9:13:00 AM - 	Author             : DigitalAssetHoldingsLLC
11/22/2019 9:13:00 AM - 	Version            : 0.13.37
11/22/2019 9:13:00 AM - 	Description        : DAML editing and analysis tools
11/22/2019 9:13:00 AM - 	Locale             : en-US
11/22/2019 9:13:00 AM - 	MoreInfoURL        : 
11/22/2019 9:13:00 AM - 	InstalledByMSI     : False
11/22/2019 9:13:00 AM - 	SupportedFrameworkVersionRange : [0.0,2147483647.2147483647]
11/22/2019 9:13:00 AM - 
11/22/2019 9:13:00 AM - 	SignatureState     : Unsigned
11/22/2019 9:13:00 AM - 	Supported Products : 
11/22/2019 9:13:00 AM - 		Microsoft.VisualStudio.Code
11/22/2019 9:13:00 AM - 			Version : 
11/22/2019 9:13:00 AM - 
11/22/2019 9:13:00 AM - 	References         : 
11/22/2019 9:13:00 AM - Signature Details...
11/22/2019 9:13:00 AM - 	Extension is not signed.
11/22/2019 9:13:00 AM - 
11/22/2019 9:13:00 AM - Searching for applicable products...
11/22/2019 9:13:00 AM - Found installed product - Microsoft Visual Studio Community 2015
11/22/2019 9:13:00 AM - Found installed product - Microsoft Visual Studio 2015 Shell (Integrated)
11/22/2019 9:13:00 AM - Found installed product - Global Location
11/22/2019 9:13:00 AM - Found installed product - Visual Studio Community 2017
11/22/2019 9:13:00 AM - VSIXInstaller.NoApplicableSKUsException: This extension is not installable on any currently installed products.
   at VSIXInstaller.App.GetInstallableData(String vsixPath, Boolean isRepairSupported, IEnumerable`1& skuData)
   at VSIXInstaller.App.Initialize(Boolean isRepairSupported)
   at VSIXInstaller.App.Initialize()
   at System.Threading.Tasks.Task`1.InnerInvoke()
   at System.Threading.Tasks.Task.Execute()
